Arguments: 
  /usr/local/bin/node /usr/local/bin/yarn init

PATH: 
  /Users/William/.rbenv/shims:/Users/William/anaconda3/bin:/Users/William/.rvm/gems/ruby-2.2.3/bin:/Users/William/.rvm/gems/ruby-2.2.3@global/bin:/Users/William/.rvm/rubies/ruby-2.2.3/bin:/Applications/Postgres.app/Contents/Versions/9.4/bin:/usr/local:/usr/local/bin:/usr/local/sbin:/usr/bin:/usr/local/bin:/usr/bin:/bin:/usr/sbin:/sbin:/opt/X11/bin:/Applications/Postgres.app/Contents/Versions/latest/bin:/Users/William/.rvm/bin

Yarn version: 
  1.3.2

Node version: 
  9.2.1

Platform: 
  darwin x64

npm manifest: 
  {
    "name": "4_square",
    "version": "0.0.0",
    "private": true,
    "scripts": {
      "start": "node ./bin/www",
      "lint": "eslint controllers/*.js models/*.js routes/*.js || exit 0"
    },
    "dependencies": {
      "bcryptjs": "^2.4.3",
      "body-parser": "~1.15.1",
      "cookie-parser": "~1.4.3",
      "debug": "~2.2.0",
      "dotenv": "^4.0.0",
      "ejs": "~2.4.1",
      "express": "~4.13.4",
      "g": "^2.0.1",
      "moment": "^2.20.1",
      "mongoose": "^4.13.7",
      "morgan": "~1.7.0",
      "nodemon": "^1.14.3",
      "serve-favicon": "~2.3.0",
      "to": "^0.2.9",
      "update": "^0.7.4"
    },
    "devDependencies": {
      "eslint": "^4.14.0"
    }
  }

yarn manifest: 
  No manifest

Lockfile: 
  No lockfile

Trace: 
  Error: canceled
      at Interface.<anonymous> (/usr/local/lib/node_modules/yarn/lib/cli.js:121045:13)
      at Interface.emit (events.js:159:13)
      at Interface._ttyWrite (readline.js:786:16)
      at ReadStream.onkeypress (readline.js:165:10)
      at ReadStream.emit (events.js:159:13)
      at emitKeys (internal/readline.js:420:14)
      at emitKeys.next (<anonymous>)
      at ReadStream.onData (readline.js:1022:36)
      at ReadStream.emit (events.js:159:13)
      at addChunk (_stream_readable.js:265:12)
